app/build/outputs/logs/manifest-merger-release-report.txt
-- Merging decision tree log ---
manifest
ADDED from src\main\AndroidManifest.xml:2:1-104:12
INJECTED from src\main\AndroidManifest.xml:2:1-104:12
INJECTED from src\main\AndroidManifest.xml:2:1-104:12
INJECTED from src\main\AndroidManifest.xml:2:1-104:12
MERGED from [:SRnOTool] AndroidManifest.xml:2:1-18:12
MERGED from [com.android.support:support-v4:28.0.0] AndroidManifest.xml:17:1-22:12
MERGED from [:framework:] AndroidManifest.xml:2:1-18:12
MERGED from [com.android.support:support-media-compat:28.0.0] AndroidManifest.xml:17:1-22:12
MERGED from [com.android.support:support-fragment:28.0.0] AndroidManifest.xml:17:1-22:12
MERGED from [com.android.support:support-core-ui:28.0.0] AndroidManifest.xml:17:1-22:12
MERGED from [com.android.support:support-core-utils:28.0.0] AndroidManifest.xml:17:1-22:12
MERGED from [com.android.support:loader:28.0.0] AndroidManifest.xml:17:1-22:12
MERGED from [com.android.support:viewpager:28.0.0] AndroidManifest.xml:17:1-22:12
MERGED from [com.android.support:coordinatorlayout:28.0.0] AndroidManifest.xml:17:1-22:12
MERGED from [com.android.support:drawerlayout:28.0.0] AndroidManifest.xml:17:1-22:12
MERGED from [com.android.support:slidingpanelayout:28.0.0] AndroidManifest.xml:17:1-22:12
MERGED from [com.android.support:customview:28.0.0] AndroidManifest.xml:17:1-22:12
MERGED from [com.android.support:swiperefreshlayout:28.0.0] AndroidManifest.xml:17:1-22:12
MERGED from [com.android.support:asynclayoutinflater:28.0.0] AndroidManifest.xml:17:1-22:12
MERGED from [com.android.support:support-compat:28.0.0] AndroidManifest.xml:17:1-24:12
MERGED from [com.android.support:versionedparcelable:28.0.0] AndroidManifest.xml:17:1-25:12
MERGED from [android.arch.lifecycle:runtime:1.1.1] AndroidManifest.xml:17:1-22:12
MERGED from [com.android.support:documentfile:28.0.0] AndroidManifest.xml:17:1-22:12
MERGED from [com.android.support:localbroadcastmanager:28.0.0] AndroidManifest.xml:17:1-22:12
MERGED from [com.android.support:print:28.0.0] AndroidManifest.xml:17:1-22:12
MERGED from [com.android.support:interpolator:28.0.0] AndroidManifest.xml:17:1-22:12
MERGED from [com.android.support:cursoradapter:28.0.0] AndroidManifest.xml:17:1-22:12
MERGED from [android.arch.lifecycle:viewmodel:1.1.1] AndroidManifest.xml:17:1-22:12
MERGED from [android.arch.lifecycle:livedata:1.1.1] AndroidManifest.xml:17:1-22:12
MERGED from [android.arch.lifecycle:livedata-core:1.1.1] AndroidManifest.xml:17:1-22:12
MERGED from [android.arch.core:runtime:1.1.1] AndroidManifest.xml:17:1-22:12
INJECTED from src\main\AndroidManifest.xml:2:1-104:12
INJECTED from src\main\AndroidManifest.xml:2:1-104:12
INJECTED from src\main\AndroidManifest.xml:2:1-104:12
	package
		ADDED from src\main\AndroidManifest.xml:4:5-28
		INJECTED from src\main\AndroidManifest.xml
		INJECTED from src\main\AndroidManifest.xml
	android:versionName
		ADDED from src\main\AndroidManifest.xml:6:5-42
		INJECTED from src\main\AndroidManifest.xml
		INJECTED from src\main\AndroidManifest.xml
	xmlns:tools
		ADDED from src\main\AndroidManifest.xml:3:5-51
	xmlns:android
		ADDED from src\main\AndroidManifest.xml:2:11-69
	android:versionCode
		ADDED from src\main\AndroidManifest.xml:5:5-29
		INJECTED from src\main\AndroidManifest.xml
		INJECTED from src\main\AndroidManifest.xml
uses-permission#android.permission.GET_ACCOUNTS
ADDED from src\main\AndroidManifest.xml:8:5-71
	android:name
		ADDED from src\main\AndroidManifest.xml:8:22-68
uses-permission#android.permission.READ_PROFILE
ADDED from src\main\AndroidManifest.xml:9:5-71
	android:name
		ADDED from src\main\AndroidManifest.xml:9:22-68
uses-permission#android.permission.READ_CONTACTS
ADDED from src\main\AndroidManifest.xml:10:5-72
	android:name
		ADDED from src\main\AndroidManifest.xml:10:22-69
uses-permission#android.permission.CAMERA
ADDED from src\main\AndroidManifest.xml:11:5-65
	android:name
		ADDED from src\main\AndroidManifest.xml:11:22-62
uses-permission#android.permission.VIBRATE
ADDED from src\main\AndroidManifest.xml:12:5-66
	android:name
		ADDED from src\main\AndroidManifest.xml:12:22-63
uses-permission#android.permission.INTERNET
ADDED from src\main\AndroidManifest.xml:13:5-67
	android:name
		ADDED from src\main\AndroidManifest.xml:13:22-64
uses-permission#android.permission.WRITE_EXTERNAL_STORAGE
ADDED from src\main\AndroidManifest.xml:14:5-80
	android:name
		ADDED from src\main\AndroidManifest.xml:14:22-78
uses-permission#android.permission.READ_EXTERNAL_STORAGE
ADDED from src\main\AndroidManifest.xml:15:5-79
	android:name
		ADDED from src\main\AndroidManifest.xml:15:22-77
uses-feature#android.hardware.camera
ADDED from src\main\AndroidManifest.xml:16:5-60
	android:name
		ADDED from src\main\AndroidManifest.xml:16:19-57
uses-feature#android.hardware.camera.autofocus
ADDED from src\main\AndroidManifest.xml:17:5-70
	android:name
		ADDED from src\main\AndroidManifest.xml:17:19-67
uses-permission#android.permission.SYSTEM_ALERT_WINDOW
ADDED from src\main\AndroidManifest.xml:19:5-78
	android:name
		ADDED from src\main\AndroidManifest.xml:19:22-75
uses-permission#android.permission.MOUNT_UNMOUNT_FILESYSTEMS
ADDED from src\main\AndroidManifest.xml:20:5-22:47
	tools:ignore
		ADDED from src\main\AndroidManifest.xml:22:9-44
	android:name
		ADDED from src\main\AndroidManifest.xml:21:9-68
uses-permission#android.permission.READ_PHONE_STATE
ADDED from src\main\AndroidManifest.xml:24:5-75
	android:name
		ADDED from src\main\AndroidManifest.xml:24:22-72
application
ADDED from src\main\AndroidManifest.xml:27:5-102:19
MERGED from [:SRnOTool] AndroidManifest.xml:12:5-16:19
MERGED from [:SRnOTool] AndroidManifest.xml:12:5-16:19
MERGED from [:framework:] AndroidManifest.xml:11:5-16:43
MERGED from [:framework:] AndroidManifest.xml:11:5-16:43
MERGED from [com.android.support:support-compat:28.0.0] AndroidManifest.xml:22:5-94
MERGED from [com.android.support:support-compat:28.0.0] AndroidManifest.xml:22:5-94
MERGED from [com.android.support:versionedparcelable:28.0.0] AndroidManifest.xml:22:5-23:19
MERGED from [com.android.support:versionedparcelable:28.0.0] AndroidManifest.xml:22:5-23:19
	android:appComponentFactory
		ADDED from [com.android.support:support-compat:28.0.0] AndroidManifest.xml:22:18-91
	android:supportsRtl
		ADDED from [:framework:] AndroidManifest.xml:15:9-35
	android:label
		ADDED from src\main\AndroidManifest.xml:30:9-41
	android:exported
		ADDED from src\main\AndroidManifest.xml:28:9-33
	android:allowBackup
		ADDED from [:SRnOTool] AndroidManifest.xml:13:9-36
		REJECTED from [:framework:] AndroidManifest.xml:12:9-35
	android:icon
		ADDED from src\main\AndroidManifest.xml:29:9-53
		REJECTED from [:framework:] AndroidManifest.xml:13:9-43
	android:theme
		ADDED from src\main\AndroidManifest.xml:31:9-40
	tools:replace
		ADDED from src\main\AndroidManifest.xml:32:9-37
activity#com.example.function.doubleScreenDisplay.AdvertisingActivity
ADDED from src\main\AndroidManifest.xml:33:9-106
	android:name
		ADDED from src\main\AndroidManifest.xml:33:19-94
activity#com.example.function.study.designMode.day13.Day13_Activity
ADDED from src\main\AndroidManifest.xml:34:9-95
	android:name
		ADDED from src\main\AndroidManifest.xml:34:19-92
activity#com.example.function.study.view.day12.Day12_Activity
ADDED from src\main\AndroidManifest.xml:35:9-89
	android:name
		ADDED from src\main\AndroidManifest.xml:35:19-86
activity#com.example.function.algorithm.Md5Activity
ADDED from src\main\AndroidManifest.xml:36:9-79
	android:name
		ADDED from src\main\AndroidManifest.xml:36:19-76
activity#com.example.function.algorithm.SM4_Activity
ADDED from src\main\AndroidManifest.xml:37:9-80
	android:name
		ADDED from src\main\AndroidManifest.xml:37:19-77
activity#com.example.function.UndeterminedActivity
ADDED from src\main\AndroidManifest.xml:38:9-78
	android:name
		ADDED from src\main\AndroidManifest.xml:38:19-75
activity#com.example.function.algorithm.SM2_Activity
ADDED from src\main\AndroidManifest.xml:39:9-80
	android:name
		ADDED from src\main\AndroidManifest.xml:39:19-77
activity#com.example.function.comm.PayActivity
ADDED from src\main\AndroidManifest.xml:40:9-74
	android:name
		ADDED from src\main\AndroidManifest.xml:40:19-71
activity#com.example.function.comprehensive.upLogActivity
ADDED from src\main\AndroidManifest.xml:41:9-85
	android:name
		ADDED from src\main\AndroidManifest.xml:41:19-82
activity#com.example.function.View.Menu.View_Menu_Activity
ADDED from src\main\AndroidManifest.xml:42:9-86
	android:name
		ADDED from src\main\AndroidManifest.xml:42:19-83
activity#com.example.function.View.Login.View_Login_Activity
ADDED from src\main\AndroidManifest.xml:43:9-88
	android:name
		ADDED from src\main\AndroidManifest.xml:43:19-85
activity#com.example.function.View.Amount.View_InputAmount_Activity
ADDED from src\main\AndroidManifest.xml:44:9-95
	android:name
		ADDED from src\main\AndroidManifest.xml:44:19-92
activity#com.example.function.algorithm.RSA_Activity
ADDED from src\main\AndroidManifest.xml:45:9-80
	android:name
		ADDED from src\main\AndroidManifest.xml:45:19-77
activity#com.example.function.comprehensive.CalcPWD_Activity
ADDED from src\main\AndroidManifest.xml:46:9-88
	android:name
		ADDED from src\main\AndroidManifest.xml:46:19-85
activity#com.example.function.study.view.day6.Day6_Activity
ADDED from src\main\AndroidManifest.xml:47:9-87
	android:name
		ADDED from src\main\AndroidManifest.xml:47:19-84
activity#com.example.function.study.view.day5.Day5_Activity
ADDED from src\main\AndroidManifest.xml:48:9-87
	android:name
		ADDED from src\main\AndroidManifest.xml:48:19-84
activity#com.example.function.study.view.day4.B_activity
ADDED from src\main\AndroidManifest.xml:49:9-84
	android:name
		ADDED from src\main\AndroidManifest.xml:49:19-81
activity#com.example.function.study.view.day7.Day7_ArrayAdapter_listView_Activity
ADDED from src\main\AndroidManifest.xml:50:9-109
	android:name
		ADDED from src\main\AndroidManifest.xml:50:19-106
activity#com.example.function.study.view.day7.Day7_LeftSlide_listView_Activity
ADDED from src\main\AndroidManifest.xml:51:9-106
	android:name
		ADDED from src\main\AndroidManifest.xml:51:19-103
activity#com.example.function.study.view.day8.Day8_Activity
ADDED from src\main\AndroidManifest.xml:52:9-87
	android:name
		ADDED from src\main\AndroidManifest.xml:52:19-84
activity#com.example.function.study.view.day9.Day9_Activity
ADDED from src\main\AndroidManifest.xml:53:9-87
	android:name
		ADDED from src\main\AndroidManifest.xml:53:19-84
activity#com.example.function.study.view.day10.Day10_Activity
ADDED from src\main\AndroidManifest.xml:54:9-89
	android:name
		ADDED from src\main\AndroidManifest.xml:54:19-86
activity#com.example.function.algorithm.SokobanActivity
ADDED from src\main\AndroidManifest.xml:56:9-83
	android:name
		ADDED from src\main\AndroidManifest.xml:56:19-80
activity#com.example.function.comm.FilesOrParamOrStringUpActivity
ADDED from src\main\AndroidManifest.xml:58:9-61:63
	android:label
		ADDED from src\main\AndroidManifest.xml:61:13-60
	android:icon
		ADDED from src\main\AndroidManifest.xml:60:13-47
	android:name
		ADDED from src\main\AndroidManifest.xml:59:13-84
activity#com.example.main.ExpandableMainActivity
ADDED from src\main\AndroidManifest.xml:72:10-80:21
	android:label
		ADDED from src\main\AndroidManifest.xml:75:10-53
	android:icon
		ADDED from src\main\AndroidManifest.xml:74:10-44
	android:name
		ADDED from src\main\AndroidManifest.xml:73:10-64
intent-filter#action:name:android.intent.action.MAIN+category:name:android.intent.category.LAUNCHER
ADDED from src\main\AndroidManifest.xml:76:10-79:26
action#android.intent.action.MAIN
ADDED from src\main\AndroidManifest.xml:77:10-62
	android:name
		ADDED from src\main\AndroidManifest.xml:77:18-59
category#android.intent.category.LAUNCHER
ADDED from src\main\AndroidManifest.xml:78:10-70
	android:name
		ADDED from src\main\AndroidManifest.xml:78:20-67
activity#com.example.function.scan.idcard.one.IdCardMainActivity
ADDED from src\main\AndroidManifest.xml:81:9-84:41
	android:label
		ADDED from src\main\AndroidManifest.xml:84:13-38
	android:icon
		ADDED from src\main\AndroidManifest.xml:83:13-47
	android:name
		ADDED from src\main\AndroidManifest.xml:82:13-83
activity#com.example.function.scan.idcard.one.smartvision_bankCard.ScanCamera
ADDED from src\main\AndroidManifest.xml:85:9-91:20
	android:name
		ADDED from src\main\AndroidManifest.xml:85:19-102
intent-filter#action:name:wintone.bankCard.scan_camera+category:name:android.intent.category.DEFAULT
ADDED from src\main\AndroidManifest.xml:86:13-90:29
action#wintone.bankCard.scan_camera
ADDED from src\main\AndroidManifest.xml:87:17-71
	android:name
		ADDED from src\main\AndroidManifest.xml:87:25-68
category#android.intent.category.DEFAULT
ADDED from src\main\AndroidManifest.xml:89:17-76
	android:name
		ADDED from src\main\AndroidManifest.xml:89:27-73
activity#com.example.function.scan.idcard.one.ShowResult
ADDED from src\main\AndroidManifest.xml:92:9-94:50
	android:icon
		ADDED from src\main\AndroidManifest.xml:94:13-47
	android:name
		ADDED from src\main\AndroidManifest.xml:93:13-75
activity#com.example.function.study.view.day4.A_activity
ADDED from src\main\AndroidManifest.xml:95:9-97:50
	android:icon
		ADDED from src\main\AndroidManifest.xml:97:13-47
	android:name
		ADDED from src\main\AndroidManifest.xml:96:13-75
activity#com.example.function.jni.jniTest.JniTestActivity
ADDED from src\main\AndroidManifest.xml:98:9-101:54
	android:label
		ADDED from src\main\AndroidManifest.xml:101:13-51
	android:icon
		ADDED from src\main\AndroidManifest.xml:100:13-47
	android:name
		ADDED from src\main\AndroidManifest.xml:99:13-76
uses-sdk
INJECTED from src\main\AndroidManifest.xml reason: use-sdk injection requested
INJECTED from src\main\AndroidManifest.xml
INJECTED from src\main\AndroidManifest.xml
MERGED from [:SRnOTool] AndroidManifest.xml:8:5-10:41
MERGED from [:SRnOTool] AndroidManifest.xml:8:5-10:41
MERGED from [com.android.support:support-v4:28.0.0] AndroidManifest.xml:20:5-44
MERGED from [com.android.support:support-v4:28.0.0] AndroidManifest.xml:20:5-44
MERGED from [:framework:] AndroidManifest.xml:7:5-9:41
MERGED from [:framework:] AndroidManifest.xml:7:5-9:41
MERGED from [com.android.support:support-media-compat:28.0.0] AndroidManifest.xml:20:5-44
MERGED from [com.android.support:support-media-compat:28.0.0] AndroidManifest.xml:20:5-44
MERGED from [com.android.support:support-fragment:28.0.0] AndroidManifest.xml:20:5-44
MERGED from [com.android.support:support-fragment:28.0.0] AndroidManifest.xml:20:5-44
MERGED from [com.android.support:support-core-ui:28.0.0] AndroidManifest.xml:20:5-44
MERGED from [com.android.support:support-core-ui:28.0.0] AndroidManifest.xml:20:5-44
MERGED from [com.android.support:support-core-utils:28.0.0] AndroidManifest.xml:20:5-44
MERGED from [com.android.support:support-core-utils:28.0.0] AndroidManifest.xml:20:5-44
MERGED from [com.android.support:loader:28.0.0] AndroidManifest.xml:20:5-44
MERGED from [com.android.support:loader:28.0.0] AndroidManifest.xml:20:5-44
MERGED from [com.android.support:viewpager:28.0.0] AndroidManifest.xml:20:5-44
MERGED from [com.android.support:viewpager:28.0.0] AndroidManifest.xml:20:5-44
MERGED from [com.android.support:coordinatorlayout:28.0.0] AndroidManifest.xml:20:5-44
MERGED from [com.android.support:coordinatorlayout:28.0.0] AndroidManifest.xml:20:5-44
MERGED from [com.android.support:drawerlayout:28.0.0] AndroidManifest.xml:20:5-44
MERGED from [com.android.support:drawerlayout:28.0.0] AndroidManifest.xml:20:5-44
MERGED from [com.android.support:slidingpanelayout:28.0.0] AndroidManifest.xml:20:5-44
MERGED from [com.android.support:slidingpanelayout:28.0.0] AndroidManifest.xml:20:5-44
MERGED from [com.android.support:customview:28.0.0] AndroidManifest.xml:20:5-44
MERGED from [com.android.support:customview:28.0.0] AndroidManifest.xml:20:5-44
MERGED from [com.android.support:swiperefreshlayout:28.0.0] AndroidManifest.xml:20:5-44
MERGED from [com.android.support:swiperefreshlayout:28.0.0] AndroidManifest.xml:20:5-44
MERGED from [com.android.support:asynclayoutinflater:28.0.0] AndroidManifest.xml:20:5-44
MERGED from [com.android.support:asynclayoutinflater:28.0.0] AndroidManifest.xml:20:5-44
MERGED from [com.android.support:support-compat:28.0.0] AndroidManifest.xml:20:5-44
MERGED from [com.android.support:support-compat:28.0.0] AndroidManifest.xml:20:5-44
MERGED from [com.android.support:versionedparcelable:28.0.0] AndroidManifest.xml:20:5-44
MERGED from [com.android.support:versionedparcelable:28.0.0] AndroidManifest.xml:20:5-44
MERGED from [android.arch.lifecycle:runtime:1.1.1] AndroidManifest.xml:20:5-44
MERGED from [android.arch.lifecycle:runtime:1.1.1] AndroidManifest.xml:20:5-44
MERGED from [com.android.support:documentfile:28.0.0] AndroidManifest.xml:20:5-44
MERGED from [com.android.support:documentfile:28.0.0] AndroidManifest.xml:20:5-44
MERGED from [com.android.support:localbroadcastmanager:28.0.0] AndroidManifest.xml:20:5-44
MERGED from [com.android.support:localbroadcastmanager:28.0.0] AndroidManifest.xml:20:5-44
MERGED from [com.android.support:print:28.0.0] AndroidManifest.xml:20:5-44
MERGED from [com.android.support:print:28.0.0] AndroidManifest.xml:20:5-44
MERGED from [com.android.support:interpolator:28.0.0] AndroidManifest.xml:20:5-44
MERGED from [com.android.support:interpolator:28.0.0] AndroidManifest.xml:20:5-44
MERGED from [com.android.support:cursoradapter:28.0.0] AndroidManifest.xml:20:5-44
MERGED from [com.android.support:cursoradapter:28.0.0] AndroidManifest.xml:20:5-44
MERGED from [android.arch.lifecycle:viewmodel:1.1.1] AndroidManifest.xml:20:5-44
MERGED from [android.arch.lifecycle:viewmodel:1.1.1] AndroidManifest.xml:20:5-44
MERGED from [android.arch.lifecycle:livedata:1.1.1] AndroidManifest.xml:20:5-44
MERGED from [android.arch.lifecycle:livedata:1.1.1] AndroidManifest.xml:20:5-44
MERGED from [android.arch.lifecycle:livedata-core:1.1.1] AndroidManifest.xml:20:5-44
MERGED from [android.arch.lifecycle:livedata-core:1.1.1] AndroidManifest.xml:20:5-44
MERGED from [android.arch.core:runtime:1.1.1] AndroidManifest.xml:20:5-44
MERGED from [android.arch.core:runtime:1.1.1] AndroidManifest.xml:20:5-44
INJECTED from src\main\AndroidManifest.xml
INJECTED from src\main\AndroidManifest.xml
	android:targetSdkVersion
		INJECTED from src\main\AndroidManifest.xml
		ADDED from src\main\AndroidManifest.xml
		INJECTED from src\main\AndroidManifest.xml
	android:minSdkVersion
		INJECTED from src\main\AndroidManifest.xml
		ADDED from src\main\AndroidManifest.xml
		INJECTED from src\main\AndroidManifest.xml